SF:lib/models/weather_data.dart
DA:8,6
DA:16,1
DA:17,1
DA:18,1
DA:19,2
DA:22,1
DA:23,3
DA:24,3
DA:25,3
LF:9
LH:9
end_of_record
SF:lib/models/forecast_data.dart
DA:6,3
DA:10,1
DA:11,1
DA:13,2
DA:14,1
DA:15,1
DA:16,2
DA:19,2
DA:20,3
DA:21,3
DA:22,3
DA:24,1
DA:27,1
LF:13
LH:13
end_of_record
SF:lib/controller/today_weather_controller.dart
DA:11,1
DA:12,3
DA:18,1
DA:19,0
DA:21,0
DA:22,0
DA:29,1
DA:30,1
DA:38,1
DA:43,2
DA:44,3
DA:46,0
DA:47,0
DA:53,0
DA:58,0
DA:59,0
DA:61,0
DA:62,0
LF:18
LH:8
end_of_record
SF:lib/main.dart
DA:5,1
DA:6,1
DA:7,2
DA:8,1
LF:4
LH:4
end_of_record
SF:lib/today_weather.dart
DA:6,4
DA:9,1
DA:11,1
DA:13,1
LF:4
LH:4
end_of_record
SF:lib/widgets/today_weather_body.dart
DA:11,4
DA:13,1
DA:14,1
DA:26,1
DA:28,1
DA:29,3
DA:30,3
DA:31,4
DA:32,0
DA:33,0
DA:35,2
DA:39,1
DA:41,1
DA:43,1
DA:44,1
DA:46,1
DA:48,1
DA:50,1
DA:51,1
DA:52,2
DA:53,1
DA:56,3
DA:57,4
DA:58,0
DA:59,0
DA:62,2
DA:63,1
DA:67,1
DA:69,1
LF:29
LH:25
end_of_record
SF:lib/widgets/current_weather_section.dart
DA:8,1
DA:13,1
DA:15,1
DA:17,1
DA:19,1
DA:20,1
DA:21,2
LF:7
LH:7
end_of_record
SF:lib/widgets/weather_column.dart
DA:9,5
DA:15,3
DA:17,3
DA:19,3
DA:20,3
DA:22,6
DA:23,6
DA:25,3
DA:27,6
DA:28,6
DA:30,3
DA:32,9
DA:33,6
DA:35,3
DA:37,9
DA:38,1
DA:41,3
DA:43,6
DA:44,12
DA:46,6
DA:48,3
DA:50,18
DA:51,6
LF:23
LH:23
end_of_record
SF:lib/widgets/forecast_weather_section.dart
DA:8,3
DA:13,2
DA:15,2
DA:16,2
DA:17,2
DA:20,2
DA:21,2
DA:22,2
DA:23,4
DA:25,2
DA:30,1
DA:32,1
DA:33,3
LF:13
LH:13
end_of_record
SF:lib/widgets/refresh_button.dart
DA:7,1
DA:13,1
DA:15,1
DA:17,1
DA:18,1
DA:19,1
DA:22,1
LF:7
LH:7
end_of_record
